<?xml version="1.0" encoding="UTF-8"?>
<!-- Generated by org.testng.reporters.JUnitXMLReporter -->
<testsuite hostname="DESKTOP-TPKVVQE" ignored="0" name="UnitTestingTestSuite" tests="21" failures="6" timestamp="16 Jan 2023 06:38:21 GMT" time="78.559" errors="0">
  <testcase name="setData" time="0.016" classname="Day24_TestNG_Advance.DataProviderExample"/>
  <testcase name="setData" time="0.0" classname="Day24_TestNG_Advance.DataProviderExample"/>
  <testcase name="setData" time="0.0" classname="Day24_TestNG_Advance.DataProviderExample"/>
  <testcase name="testLoginOfVtiger" time="33.22" classname="Day24_TestNG_Advance.DataProviderExample"/>
  <testcase name="testLoginOfVtiger" time="6.255" classname="Day24_TestNG_Advance.DataProviderExample"/>
  <testcase name="testLoginOfVtiger" time="5.039" classname="Day24_TestNG_Advance.DataProviderExample"/>
  <testcase name="testCaseFive" time="0.0" classname="Day24_TestNG_Advance.GroupExamples"/>
  <testcase name="testCaseFour" time="0.002" classname="Day24_TestNG_Advance.GroupExamples"/>
  <testcase name="testCaseOne" time="0.0" classname="Day24_TestNG_Advance.GroupExamples"/>
  <testcase name="testCaseThree" time="0.0" classname="Day24_TestNG_Advance.GroupExamples"/>
  <testcase name="testCaseTwo" time="0.0" classname="Day24_TestNG_Advance.GroupExamples"/>
  <testcase name="addDepartmentTestCase" time="0.0" classname="Day24_TestNG_Advance.IncludeAndExcludeTestMethods"/>
  <testcase name="addEmployeeTestCase" time="0.01" classname="Day24_TestNG_Advance.IncludeAndExcludeTestMethods"/>
  <testcase name="addLocationTestCase" time="0.0" classname="Day24_TestNG_Advance.IncludeAndExcludeTestMethods"/>
  <testcase name="testCaseOne" time="0.0" classname="Day24_TestNG_Advance.Parameterization">
    <failure type="org.testng.TestNGException" message="
Parameter &amp;apos;browser&amp;apos; is required by @Test on method testCaseOne but has not been marked @Optional or defined
in E:\acceleration\program\Eclipse2019\TextMaven\src\test\java\xmlFiles\executeEntirePackage.xml">
      <![CDATA[org.testng.TestNGException: 
Parameter 'browser' is required by @Test on method testCaseOne but has not been marked @Optional or defined
in E:\acceleration\program\Eclipse2019\TextMaven\src\test\java\xmlFiles\executeEntirePackage.xml
... Removed 24 stack frames]]>
    </failure>
  </testcase> <!-- testCaseOne -->
  <testcase name="testCaseThree" time="0.0" classname="Day24_TestNG_Advance.Parameterization">
    <failure type="org.testng.TestNGException" message="
Parameter &amp;apos;browser&amp;apos; is required by @Test on method testCaseThree but has not been marked @Optional or defined
in E:\acceleration\program\Eclipse2019\TextMaven\src\test\java\xmlFiles\executeEntirePackage.xml">
      <![CDATA[org.testng.TestNGException: 
Parameter 'browser' is required by @Test on method testCaseThree but has not been marked @Optional or defined
in E:\acceleration\program\Eclipse2019\TextMaven\src\test\java\xmlFiles\executeEntirePackage.xml
... Removed 24 stack frames]]>
    </failure>
  </testcase> <!-- testCaseThree -->
  <testcase name="testCaseTwo" time="0.0" classname="Day24_TestNG_Advance.Parameterization">
    <failure type="org.testng.TestNGException" message="
Parameter &amp;apos;username&amp;apos; is required by @Test on method testCaseTwo but has not been marked @Optional or defined
in E:\acceleration\program\Eclipse2019\TextMaven\src\test\java\xmlFiles\executeEntirePackage.xml">
      <![CDATA[org.testng.TestNGException: 
Parameter 'username' is required by @Test on method testCaseTwo but has not been marked @Optional or defined
in E:\acceleration\program\Eclipse2019\TextMaven\src\test\java\xmlFiles\executeEntirePackage.xml
... Removed 24 stack frames]]>
    </failure>
  </testcase> <!-- testCaseTwo -->
  <testcase name="testLoginOfVtiger" time="0.0" classname="Day24_TestNG_Advance.Parameterization">
    <failure type="org.testng.TestNGException" message="
Parameter &amp;apos;browser&amp;apos; is required by @Test on method testLoginOfVtiger but has not been marked @Optional or defined
in E:\acceleration\program\Eclipse2019\TextMaven\src\test\java\xmlFiles\executeEntirePackage.xml">
      <![CDATA[org.testng.TestNGException: 
Parameter 'browser' is required by @Test on method testLoginOfVtiger but has not been marked @Optional or defined
in E:\acceleration\program\Eclipse2019\TextMaven\src\test\java\xmlFiles\executeEntirePackage.xml
... Removed 24 stack frames]]>
    </failure>
  </testcase> <!-- testLoginOfVtiger -->
  <testcase name="loginInVtiger" time="8.576" classname="Day24_TestNG_Advance.VtigerLogin"/>
  <testcase name="loginInVtiger" time="25.068" classname="Day24_TestNG_Advance.VtigerLogin">
    <failure type="org.openqa.selenium.WebDriverException" message="java.net.ConnectException: Failed to connect to localhost/0:0:0:0:0:0:0:1:4976
Build info: version: &amp;apos;3.141.59&amp;apos;, revision: &amp;apos;e82be7d358&amp;apos;, time: &amp;apos;2018-11-14T08:17:03&amp;apos;
System info: host: &amp;apos;DESKTOP-TPKVVQE&amp;apos;, ip: &amp;apos;192.168.1.5&amp;apos;, os.name: &amp;apos;Windows 10&amp;apos;, os.arch: &amp;apos;amd64&amp;apos;, os.version: &amp;apos;10.0&amp;apos;, java.version: &amp;apos;1.8.0_202&amp;apos;
Driver info: driver.version: FirefoxDriver">
      <![CDATA[org.openqa.selenium.WebDriverException: java.net.ConnectException: Failed to connect to localhost/0:0:0:0:0:0:0:1:4976
Build info: version: '3.141.59', revision: 'e82be7d358', time: '2018-11-14T08:17:03'
System info: host: 'DESKTOP-TPKVVQE', ip: '192.168.1.5', os.name: 'Windows 10', os.arch: 'amd64', os.version: '10.0', java.version: '1.8.0_202'
Driver info: driver.version: FirefoxDriver
at org.openqa.selenium.remote.service.DriverCommandExecutor.execute(DriverCommandExecutor.java:92)
at org.openqa.selenium.remote.RemoteWebDriver.execute(RemoteWebDriver.java:552)
at org.openqa.selenium.remote.RemoteWebDriver.startSession(RemoteWebDriver.java:213)
at org.openqa.selenium.remote.RemoteWebDriver.<init>(RemoteWebDriver.java:131)
at org.openqa.selenium.firefox.FirefoxDriver.<init>(FirefoxDriver.java:147)
at org.openqa.selenium.firefox.FirefoxDriver.<init>(FirefoxDriver.java:125)
at utilities.SeleniumUtility.setUp(SeleniumUtility.java:46)
at Day24_TestNG_Advance.VtigerLogin.loginInVtiger(VtigerLogin.java:38)
Caused by: java.net.ConnectException: Failed to connect to localhost/0:0:0:0:0:0:0:1:4976
at okhttp3.internal.connection.RealConnection.connectSocket(RealConnection.java:247)
at okhttp3.internal.connection.RealConnection.connect(RealConnection.java:165)
at okhttp3.internal.connection.StreamAllocation.findConnection(StreamAllocation.java:257)
at okhttp3.internal.connection.StreamAllocation.findHealthyConnection(StreamAllocation.java:135)
at okhttp3.internal.connection.StreamAllocation.newStream(StreamAllocation.java:114)
at okhttp3.internal.connection.ConnectInterceptor.intercept(ConnectInterceptor.java:42)
at okhttp3.internal.http.RealInterceptorChain.proceed(RealInterceptorChain.java:147)
at okhttp3.internal.http.RealInterceptorChain.proceed(RealInterceptorChain.java:121)
at okhttp3.internal.cache.CacheInterceptor.intercept(CacheInterceptor.java:93)
at okhttp3.internal.http.RealInterceptorChain.proceed(RealInterceptorChain.java:147)
at okhttp3.internal.http.RealInterceptorChain.proceed(RealInterceptorChain.java:121)
at okhttp3.internal.http.BridgeInterceptor.intercept(BridgeInterceptor.java:93)
at okhttp3.internal.http.RealInterceptorChain.proceed(RealInterceptorChain.java:147)
at okhttp3.internal.http.RetryAndFollowUpInterceptor.intercept(RetryAndFollowUpInterceptor.java:126)
at okhttp3.internal.http.RealInterceptorChain.proceed(RealInterceptorChain.java:147)
at okhttp3.internal.http.RealInterceptorChain.proceed(RealInterceptorChain.java:121)
at okhttp3.RealCall.getResponseWithInterceptorChain(RealCall.java:200)
at okhttp3.RealCall.execute(RealCall.java:77)
at org.openqa.selenium.remote.internal.OkHttpClient.execute(OkHttpClient.java:103)
at org.openqa.selenium.remote.ProtocolHandshake.createSession(ProtocolHandshake.java:105)
at org.openqa.selenium.remote.ProtocolHandshake.createSession(ProtocolHandshake.java:74)
at org.openqa.selenium.remote.HttpCommandExecutor.execute(HttpCommandExecutor.java:136)
at org.openqa.selenium.remote.service.DriverCommandExecutor.execute(DriverCommandExecutor.java:83)
... 32 more
Caused by: java.net.ConnectException: Connection refused: connect
at java.net.DualStackPlainSocketImpl.waitForConnect(Native Method)
at java.net.DualStackPlainSocketImpl.socketConnect(DualStackPlainSocketImpl.java:85)
at java.net.AbstractPlainSocketImpl.doConnect(AbstractPlainSocketImpl.java:350)
at java.net.AbstractPlainSocketImpl.connectToAddress(AbstractPlainSocketImpl.java:206)
at java.net.AbstractPlainSocketImpl.connect(AbstractPlainSocketImpl.java:188)
at java.net.PlainSocketImpl.connect(PlainSocketImpl.java:172)
at java.net.SocksSocketImpl.connect(SocksSocketImpl.java:392)
at java.net.Socket.connect(Socket.java:589)
at okhttp3.internal.platform.Platform.connectSocket(Platform.java:129)
at okhttp3.internal.connection.RealConnection.connectSocket(RealConnection.java:245)
... 54 more
... Removed 25 stack frames]]>
    </failure>
  </testcase> <!-- loginInVtiger -->
  <testcase name="loginInVtiger" time="0.131" classname="Day24_TestNG_Advance.VtigerLogin">
    <failure type="org.openqa.selenium.NoSuchSessionException" message="invalid session id
Build info: version: &amp;apos;3.141.59&amp;apos;, revision: &amp;apos;e82be7d358&amp;apos;, time: &amp;apos;2018-11-14T08:17:03&amp;apos;
System info: host: &amp;apos;DESKTOP-TPKVVQE&amp;apos;, ip: &amp;apos;192.168.1.5&amp;apos;, os.name: &amp;apos;Windows 10&amp;apos;, os.arch: &amp;apos;amd64&amp;apos;, os.version: &amp;apos;10.0&amp;apos;, java.version: &amp;apos;1.8.0_202&amp;apos;
Driver info: org.openqa.selenium.chrome.ChromeDriver
Capabilities {acceptInsecureCerts: false, browserName: chrome, browserVersion: 109.0.5414.74, chrome: {chromedriverVersion: 109.0.5414.74 (e7c5703604da..., userDataDir: C:\Users\samiksha\AppData\L...}, goog:chromeOptions: {debuggerAddress: localhost:65042}, javascriptEnabled: true, networkConnectionEnabled: false, pageLoadStrategy: normal, platform: WINDOWS, platformName: WINDOWS, proxy: Proxy(), setWindowRect: true, strictFileInteractability: false, timeouts: {implicit: 0, pageLoad: 300000, script: 30000}, unhandledPromptBehavior: dismiss and notify, webauthn:extension:credBlob: true, webauthn:extension:largeBlob: true, webauthn:virtualAuthenticators: true}
Session ID: 0abee456571269424d6289a25882ff77">
      <![CDATA[org.openqa.selenium.NoSuchSessionException: invalid session id
Build info: version: '3.141.59', revision: 'e82be7d358', time: '2018-11-14T08:17:03'
System info: host: 'DESKTOP-TPKVVQE', ip: '192.168.1.5', os.name: 'Windows 10', os.arch: 'amd64', os.version: '10.0', java.version: '1.8.0_202'
Driver info: org.openqa.selenium.chrome.ChromeDriver
Capabilities {acceptInsecureCerts: false, browserName: chrome, browserVersion: 109.0.5414.74, chrome: {chromedriverVersion: 109.0.5414.74 (e7c5703604da..., userDataDir: C:\Users\samiksha\AppData\L...}, goog:chromeOptions: {debuggerAddress: localhost:65042}, javascriptEnabled: true, networkConnectionEnabled: false, pageLoadStrategy: normal, platform: WINDOWS, platformName: WINDOWS, proxy: Proxy(), setWindowRect: true, strictFileInteractability: false, timeouts: {implicit: 0, pageLoad: 300000, script: 30000}, unhandledPromptBehavior: dismiss and notify, webauthn:extension:credBlob: true, webauthn:extension:largeBlob: true, webauthn:virtualAuthenticators: true}
Session ID: 0abee456571269424d6289a25882ff77
at org.openqa.selenium.remote.http.W3CHttpResponseCodec.createException(W3CHttpResponseCodec.java:187)
at org.openqa.selenium.remote.http.W3CHttpResponseCodec.decode(W3CHttpResponseCodec.java:122)
at org.openqa.selenium.remote.http.W3CHttpResponseCodec.decode(W3CHttpResponseCodec.java:49)
at org.openqa.selenium.remote.HttpCommandExecutor.execute(HttpCommandExecutor.java:158)
at org.openqa.selenium.remote.service.DriverCommandExecutor.execute(DriverCommandExecutor.java:83)
at org.openqa.selenium.remote.RemoteWebDriver.execute(RemoteWebDriver.java:552)
at org.openqa.selenium.remote.RemoteWebDriver.execute(RemoteWebDriver.java:609)
at org.openqa.selenium.remote.RemoteWebDriver$RemoteWebDriverOptions$RemoteWindow.maximize(RemoteWebDriver.java:837)
at utilities.SeleniumUtility.setUp(SeleniumUtility.java:49)
at Day24_TestNG_Advance.VtigerLogin.loginInVtiger(VtigerLogin.java:38)
... Removed 29 stack frames]]>
    </failure>
  </testcase> <!-- loginInVtiger -->
</testsuite> <!-- UnitTestingTestSuite -->
